<?xml version="1.0" encoding="UTF-8"?>
<!-- Generated by org.testng.reporters.JUnitReportReporter -->
<testsuite hostname="DESKTOP-J8VT9KT" failures="0" tests="2" name="practice.AppiumFramework.ecomerce_tc_4" time="76.838" errors="0" timestamp="2021-02-17T10:43:44 CET" skipped="0">
  <testcase classname="practice.AppiumFramework.ecomerce_tc_4" name="totalValidation" time="37.480"/>
  <system-out/>
  <testcase classname="practice.AppiumFramework.ecomerce_tc_4" name="totalValidation" time="39.358"/>
  <system-out/>
</testsuite> <!-- practice.AppiumFramework.ecomerce_tc_4 -->
